# grub.conf generated by anaconda
#
# Note that you do not have to rerun grub after making changes to this file
# NOTICE:  You do not have a /boot partition.  This means that
#          all kernel and initrd paths are relative to /, eg.
#          root (hd0,5)
#          kernel /boot/vmlinuz-version ro root=/dev/hda6
#          initrd /boot/initrd-version.img
#boot=/dev/hda
default=2
timeout=20
splashimage=(hd0,5)/boot/grub/splash.xpm.gz
hiddenmenu
title emlinux (2.6.14.6)
	root (hd0,5)
  	kernel /boot/vmlinuz-2.6.14.6 ro root=/dev/ram0
	initrd /boot/initrd.gz
title Fedora Core (2.6.11-1.1369_FC4)
	root (hd0,5)
	kernel /boot/vmlinuz-2.6.11-1.1369_FC4 ro root=LABEL=/ rhgb quiet
	initrd /boot/initrd-2.6.11-1.1369_FC4.img
title winxp
	rootnoverify (hd0,0)
	chainloader +1
